<?xml version="1.0" encoding="UTF-8"?>
<!-- Generated by org.testng.reporters.JUnitXMLReporter -->
<testsuite ignored="0" hostname="DESKTOP-3QVJ858" failures="0" tests="3" name="Test-1" time="48.26" errors="0" timestamp="13 Feb 2025 09:46:46 GMT">
  <testcase classname="com.comcast.crm.orgtest.OrganizationModule" name="CreateOrganizationWithIndustryAndType" time="7.421"/>
  <testcase classname="com.comcast.crm.orgtest.OrganizationModule" name="createOrganization" time="12.015"/>
  <testcase classname="com.comcast.crm.orgtest.OrganizationModule" name="createOrganizationWithPhoneNumber" time="7.993"/>
</testsuite> <!-- Test-1 -->
