<?xml version="1.0" encoding="UTF-8"?>
<!-- Generated by org.testng.reporters.JUnitXMLReporter -->
<testsuite ignored="0" hostname="DESKTOP-3QVJ858" failures="0" tests="2" name="Test-2" time="36.872" errors="0" timestamp="13 Feb 2025 09:46:35 GMT">
  <testcase classname="com.comcast.crm.contacttest.ContactModule" name="createContact" time="8.905"/>
  <testcase classname="com.comcast.crm.contacttest.ContactModule" name="createContactWithSupportDate" time="12.326"/>
</testsuite> <!-- Test-2 -->
