<?xml version="1.0" encoding="UTF-8"?>
<!-- Generated by org.testng.reporters.JUnitReportReporter -->
<testsuite hostname="DESKTOP-3QVJ858" failures="0" tests="2" name="com.crm.comcast.orgtest.baseclass.CreateOrgTest" time="0.010" errors="0" timestamp="12 Feb 2025 06:48:38 GMT" skipped="0">
  <testcase classname="com.crm.comcast.orgtest.baseclass.CreateOrgTest" name="createOrgTest" time="0.005"/>
  <testcase classname="com.crm.comcast.orgtest.baseclass.CreateOrgTest" name="createOrgWithIndustryAndType" time="0.005"/>
</testsuite> <!-- com.crm.comcast.orgtest.baseclass.CreateOrgTest -->
