<?xml version="1.0" encoding="UTF-8"?>
<!-- Generated by org.testng.reporters.JUnitReportReporter -->
<testsuite hostname="DESKTOP-3QVJ858" failures="0" tests="2" name="com.comcast.crm.contacttest.ContactModule" time="20.884" errors="0" timestamp="13 Feb 2025 12:32:32 GMT" skipped="0">
  <testcase classname="com.comcast.crm.contacttest.ContactModule" name="createContact" time="10.434"/>
  <testcase classname="com.comcast.crm.contacttest.ContactModule" name="createContactWithSupportDate" time="10.450"/>
</testsuite> <!-- com.comcast.crm.contacttest.ContactModule -->
