<?xml version="1.0" encoding="UTF-8"?>
<!-- Generated by org.testng.reporters.JUnitReportReporter -->
<testsuite hostname="DESKTOP-3QVJ858" failures="0" tests="3" name="com.comcast.crm.contacttest.CreateContactDataProviderTest" time="0.035" errors="0" timestamp="11 Feb 2025 10:12:51 GMT" skipped="0">
  <testcase classname="com.comcast.crm.contacttest.CreateContactDataProviderTest" name="createContactTest" time="0.022"/>
  <testcase classname="com.comcast.crm.contacttest.CreateContactDataProviderTest" name="createContactTest" time="0.007"/>
  <testcase classname="com.comcast.crm.contacttest.CreateContactDataProviderTest" name="createContactTest" time="0.006"/>
</testsuite> <!-- com.comcast.crm.contacttest.CreateContactDataProviderTest -->
