<?xml version="1.0" encoding="UTF-8"?>
<!-- Generated by org.testng.reporters.JUnitReportReporter -->
<testsuite hostname="DESKTOP-3QVJ858" failures="0" tests="1" name="com.comcast.crm.contacttest.CreateContactTestPom" time="19.362" errors="0" timestamp="12 Feb 2025 08:18:09 GMT" skipped="0">
  <testcase classname="com.comcast.crm.contacttest.CreateContactTestPom" name="createContact" time="19.362"/>
</testsuite> <!-- com.comcast.crm.contacttest.CreateContactTestPom -->
