<?xml version="1.0" encoding="UTF-8"?>
<!-- Generated by org.testng.reporters.JUnitReportReporter -->
<testsuite hostname="DESKTOP-3QVJ858" failures="0" tests="2" name="com.pac1.createContactTest" time="0.025" errors="0" timestamp="12 Feb 2025 06:04:39 GMT" skipped="0">
  <testcase classname="com.pac1.createContactTest" name="createcontactWithSupportDate" time="0.007"/>
  <testcase classname="com.pac1.createContactTest" name="createcontact" time="0.018"/>
</testsuite> <!-- com.pac1.createContactTest -->
